<?xml version="1.0" encoding="UTF-8"?>
<coverage generated="1545565976832" clover="3.2.0">
  <project timestamp="1545565976832" name="All files">
    <metrics statements="93" coveredstatements="62" conditionals="60" coveredconditionals="28" methods="23" coveredmethods="16" elements="176" coveredelements="106" complexity="0" loc="93" ncloc="93" packages="4" files="5" classes="5">
      <package name="date">
        <metrics statements="62" coveredstatements="37" conditionals="41" coveredconditionals="18" methods="11" coveredmethods="8"/>
        <file name="index.js" path="/Users/banli/Desktop/bl-util/src/date/index.js">
          <metrics statements="62" coveredstatements="37" conditionals="41" coveredconditionals="18" methods="11" coveredmethods="8"/>
          <line num="8" count="1" type="stmt"/>
          <line num="9" count="0" type="stmt"/>
          <line num="10" count="0" type="stmt"/>
          <line num="11" count="0" type="stmt"/>
          <line num="12" count="0" type="stmt"/>
          <line num="13" count="0" type="cond" truecount="0" falsecount="2"/>
          <line num="14" count="0" type="cond" truecount="0" falsecount="6"/>
          <line num="15" count="0" type="cond" truecount="0" falsecount="2"/>
          <line num="26" count="1" type="stmt"/>
          <line num="30" count="1" type="cond" truecount="1" falsecount="1"/>
          <line num="31" count="1" type="stmt"/>
          <line num="33" count="0" type="stmt"/>
          <line num="35" count="1" type="stmt"/>
          <line num="38" count="1" type="stmt"/>
          <line num="39" count="55" type="cond" truecount="2" falsecount="0"/>
          <line num="50" count="1" type="stmt"/>
          <line num="51" count="5" type="stmt"/>
          <line num="52" count="5" type="stmt"/>
          <line num="53" count="5" type="stmt"/>
          <line num="54" count="5" type="stmt"/>
          <line num="56" count="5" type="stmt"/>
          <line num="57" count="5" type="stmt"/>
          <line num="59" count="20" type="cond" truecount="2" falsecount="0"/>
          <line num="62" count="5" type="stmt"/>
          <line num="70" count="1" type="stmt"/>
          <line num="71" count="0" type="stmt"/>
          <line num="72" count="0" type="cond" truecount="0" falsecount="2"/>
          <line num="73" count="0" type="stmt"/>
          <line num="75" count="0" type="stmt"/>
          <line num="78" count="0" type="stmt"/>
          <line num="79" count="0" type="stmt"/>
          <line num="80" count="0" type="stmt"/>
          <line num="81" count="0" type="cond" truecount="0" falsecount="2"/>
          <line num="82" count="0" type="cond" truecount="0" falsecount="4"/>
          <line num="83" count="0" type="stmt"/>
          <line num="94" count="2" type="stmt"/>
          <line num="95" count="2" type="stmt"/>
          <line num="103" count="1" type="stmt"/>
          <line num="104" count="0" type="stmt"/>
          <line num="106" count="0" type="stmt"/>
          <line num="108" count="0" type="stmt"/>
          <line num="110" count="0" type="stmt"/>
          <line num="112" count="0" type="stmt"/>
          <line num="120" count="2" type="stmt"/>
          <line num="136" count="1" type="stmt"/>
          <line num="142" count="13" type="cond" truecount="2" falsecount="0"/>
          <line num="144" count="2" type="stmt"/>
          <line num="145" count="2" type="stmt"/>
          <line num="146" count="2" type="cond" truecount="1" falsecount="1"/>
          <line num="147" count="2" type="stmt"/>
          <line num="148" count="0" type="stmt"/>
          <line num="152" count="11" type="cond" truecount="2" falsecount="0"/>
          <line num="154" count="11" type="stmt"/>
          <line num="167" count="11" type="cond" truecount="2" falsecount="0"/>
          <line num="168" count="1" type="stmt"/>
          <line num="172" count="10" type="cond" truecount="2" falsecount="0"/>
          <line num="173" count="1" type="stmt"/>
          <line num="174" count="1" type="stmt"/>
          <line num="177" count="9" type="stmt"/>
          <line num="178" count="9" type="stmt"/>
          <line num="179" count="55" type="cond" truecount="2" falsecount="0"/>
          <line num="181" count="0" type="stmt"/>
        </file>
      </package>
      <package name="form">
        <metrics statements="5" coveredstatements="5" conditionals="2" coveredconditionals="2" methods="1" coveredmethods="1"/>
        <file name="valid.js" path="/Users/banli/Desktop/bl-util/src/form/valid.js">
          <metrics statements="5" coveredstatements="5" conditionals="2" coveredconditionals="2" methods="1" coveredmethods="1"/>
          <line num="5" count="1" type="stmt"/>
          <line num="7" count="6" type="stmt"/>
          <line num="8" count="6" type="cond" truecount="2" falsecount="0"/>
          <line num="9" count="4" type="stmt"/>
          <line num="11" count="2" type="stmt"/>
        </file>
      </package>
      <package name="str">
        <metrics statements="8" coveredstatements="6" conditionals="6" coveredconditionals="4" methods="2" coveredmethods="2"/>
        <file name="index.js" path="/Users/banli/Desktop/bl-util/src/str/index.js">
          <metrics statements="8" coveredstatements="6" conditionals="6" coveredconditionals="4" methods="2" coveredmethods="2"/>
          <line num="6" count="1" type="cond" truecount="1" falsecount="1"/>
          <line num="7" count="3" type="cond" truecount="1" falsecount="1"/>
          <line num="8" count="0" type="stmt"/>
          <line num="9" count="0" type="stmt"/>
          <line num="12" count="3" type="cond" truecount="2" falsecount="0"/>
          <line num="13" count="1" type="stmt"/>
          <line num="14" count="1" type="stmt"/>
          <line num="18" count="2" type="stmt"/>
        </file>
      </package>
      <package name="util">
        <metrics statements="18" coveredstatements="14" conditionals="11" coveredconditionals="4" methods="9" coveredmethods="5"/>
        <file name="debounce.js" path="/Users/banli/Desktop/bl-util/src/util/debounce.js">
          <metrics statements="6" coveredstatements="6" conditionals="5" coveredconditionals="4" methods="3" coveredmethods="3"/>
          <line num="1" count="1" type="cond" truecount="0" falsecount="1"/>
          <line num="2" count="1" type="stmt"/>
          <line num="4" count="1" type="stmt"/>
          <line num="5" count="2" type="cond" truecount="2" falsecount="0"/>
          <line num="6" count="2" type="stmt"/>
          <line num="7" count="1" type="cond" truecount="2" falsecount="0"/>
        </file>
        <file name="type.js" path="/Users/banli/Desktop/bl-util/src/util/type.js">
          <metrics statements="12" coveredstatements="8" conditionals="6" coveredconditionals="0" methods="6" coveredmethods="2"/>
          <line num="1" count="2" type="stmt"/>
          <line num="2" count="1" type="stmt"/>
          <line num="5" count="2" type="stmt"/>
          <line num="6" count="1" type="stmt"/>
          <line num="9" count="2" type="stmt"/>
          <line num="10" count="0" type="stmt"/>
          <line num="18" count="2" type="stmt"/>
          <line num="19" count="0" type="cond" truecount="0" falsecount="2"/>
          <line num="22" count="2" type="stmt"/>
          <line num="23" count="0" type="cond" truecount="0" falsecount="2"/>
          <line num="26" count="2" type="stmt"/>
          <line num="27" count="0" type="cond" truecount="0" falsecount="2"/>
        </file>
      </package>
    </metrics>
  </project>
</coverage>
