{"/Users/banli/Desktop/bl-util/src/date/index.js": {"path":"/Users/banli/Desktop/bl-util/src/date/index.js","statementMap":{"0":{"start":{"line":8,"column":27},"end":{"line":16,"column":1}},"1":{"start":{"line":9,"column":12},"end":{"line":9,"column":41}},"2":{"start":{"line":10,"column":12},"end":{"line":10,"column":54}},"3":{"start":{"line":11,"column":13},"end":{"line":11,"column":49}},"4":{"start":{"line":12,"column":13},"end":{"line":12,"column":47}},"5":{"start":{"line":13,"column":15},"end":{"line":13,"column":96}},"6":{"start":{"line":14,"column":14},"end":{"line":14,"column":120}},"7":{"start":{"line":15,"column":4},"end":{"line":15,"column":95}},"8":{"start":{"line":26,"column":27},"end":{"line":36,"column":1}},"9":{"start":{"line":30,"column":4},"end":{"line":34,"column":5}},"10":{"start":{"line":31,"column":8},"end":{"line":31,"column":78}},"11":{"start":{"line":33,"column":8},"end":{"line":33,"column":18}},"12":{"start":{"line":35,"column":4},"end":{"line":35,"column":31}},"13":{"start":{"line":38,"column":23},"end":{"line":40,"column":1}},"14":{"start":{"line":39,"column":4},"end":{"line":39,"column":33}},"15":{"start":{"line":50,"column":28},"end":{"line":63,"column":1}},"16":{"start":{"line":51,"column":17},"end":{"line":51,"column":46}},"17":{"start":{"line":52,"column":18},"end":{"line":52,"column":63}},"18":{"start":{"line":53,"column":17},"end":{"line":53,"column":75}},"19":{"start":{"line":54,"column":17},"end":{"line":54,"column":72}},"20":{"start":{"line":56,"column":17},"end":{"line":56,"column":23}},"21":{"start":{"line":57,"column":16},"end":{"line":60,"column":10}},"22":{"start":{"line":59,"column":8},"end":{"line":59,"column":50}},"23":{"start":{"line":62,"column":4},"end":{"line":62,"column":14}},"24":{"start":{"line":70,"column":30},"end":{"line":87,"column":1}},"25":{"start":{"line":71,"column":12},"end":{"line":71,"column":16}},"26":{"start":{"line":72,"column":4},"end":{"line":76,"column":5}},"27":{"start":{"line":73,"column":8},"end":{"line":73,"column":41}},"28":{"start":{"line":75,"column":8},"end":{"line":75,"column":48}},"29":{"start":{"line":78,"column":12},"end":{"line":78,"column":54}},"30":{"start":{"line":79,"column":13},"end":{"line":79,"column":49}},"31":{"start":{"line":80,"column":13},"end":{"line":80,"column":47}},"32":{"start":{"line":81,"column":15},"end":{"line":81,"column":96}},"33":{"start":{"line":82,"column":14},"end":{"line":82,"column":112}},"34":{"start":{"line":83,"column":4},"end":{"line":86,"column":69}},"35":{"start":{"line":94,"column":4},"end":{"line":94,"column":21}},"36":{"start":{"line":95,"column":4},"end":{"line":95,"column":58}},"37":{"start":{"line":103,"column":28},"end":{"line":113,"column":1}},"38":{"start":{"line":104,"column":18},"end":{"line":104,"column":60}},"39":{"start":{"line":106,"column":19},"end":{"line":106,"column":37}},"40":{"start":{"line":108,"column":4},"end":{"line":108,"column":35}},"41":{"start":{"line":110,"column":4},"end":{"line":110,"column":23}},"42":{"start":{"line":112,"column":4},"end":{"line":112,"column":29}},"43":{"start":{"line":120,"column":4},"end":{"line":124,"column":5}},"44":{"start":{"line":136,"column":26},"end":{"line":184,"column":1}},"45":{"start":{"line":142,"column":4},"end":{"line":149,"column":5}},"46":{"start":{"line":144,"column":8},"end":{"line":148,"column":40}},"47":{"start":{"line":145,"column":12},"end":{"line":145,"column":52}},"48":{"start":{"line":146,"column":12},"end":{"line":146,"column":55}},"49":{"start":{"line":146,"column":39},"end":{"line":146,"column":55}},"50":{"start":{"line":147,"column":12},"end":{"line":147,"column":74}},"51":{"start":{"line":148,"column":22},"end":{"line":148,"column":38}},"52":{"start":{"line":152,"column":12},"end":{"line":152,"column":73}},"53":{"start":{"line":154,"column":15},"end":{"line":164,"column":5}},"54":{"start":{"line":167,"column":4},"end":{"line":169,"column":5}},"55":{"start":{"line":168,"column":8},"end":{"line":168,"column":57}},"56":{"start":{"line":172,"column":4},"end":{"line":175,"column":5}},"57":{"start":{"line":173,"column":22},"end":{"line":173,"column":32}},"58":{"start":{"line":174,"column":8},"end":{"line":174,"column":64}},"59":{"start":{"line":177,"column":4},"end":{"line":182,"column":5}},"60":{"start":{"line":178,"column":24},"end":{"line":178,"column":42}},"61":{"start":{"line":179,"column":8},"end":{"line":179,"column":70}},"62":{"start":{"line":179,"column":34},"end":{"line":179,"column":60}},"63":{"start":{"line":181,"column":8},"end":{"line":181,"column":74}}},"fnMap":{"0":{"name":"(anonymous_0)","decl":{"start":{"line":8,"column":27},"end":{"line":8,"column":28}},"loc":{"start":{"line":8,"column":35},"end":{"line":16,"column":1}},"line":8},"1":{"name":"(anonymous_1)","decl":{"start":{"line":26,"column":27},"end":{"line":26,"column":28}},"loc":{"start":{"line":26,"column":37},"end":{"line":36,"column":1}},"line":26},"2":{"name":"(anonymous_2)","decl":{"start":{"line":38,"column":23},"end":{"line":38,"column":24}},"loc":{"start":{"line":38,"column":30},"end":{"line":40,"column":1}},"line":38},"3":{"name":"(anonymous_3)","decl":{"start":{"line":50,"column":28},"end":{"line":50,"column":29}},"loc":{"start":{"line":50,"column":39},"end":{"line":63,"column":1}},"line":50},"4":{"name":"(anonymous_4)","decl":{"start":{"line":57,"column":49},"end":{"line":57,"column":50}},"loc":{"start":{"line":57,"column":62},"end":{"line":60,"column":5}},"line":57},"5":{"name":"(anonymous_5)","decl":{"start":{"line":70,"column":30},"end":{"line":70,"column":31}},"loc":{"start":{"line":70,"column":45},"end":{"line":87,"column":1}},"line":70},"6":{"name":"dateToDay","decl":{"start":{"line":93,"column":16},"end":{"line":93,"column":25}},"loc":{"start":{"line":93,"column":32},"end":{"line":96,"column":1}},"line":93},"7":{"name":"(anonymous_7)","decl":{"start":{"line":103,"column":28},"end":{"line":103,"column":29}},"loc":{"start":{"line":103,"column":39},"end":{"line":113,"column":1}},"line":103},"8":{"name":"getRelativeDate","decl":{"start":{"line":119,"column":16},"end":{"line":119,"column":31}},"loc":{"start":{"line":119,"column":48},"end":{"line":125,"column":1}},"line":119},"9":{"name":"(anonymous_9)","decl":{"start":{"line":136,"column":26},"end":{"line":136,"column":27}},"loc":{"start":{"line":140,"column":5},"end":{"line":184,"column":1}},"line":140},"10":{"name":"(anonymous_10)","decl":{"start":{"line":179,"column":29},"end":{"line":179,"column":30}},"loc":{"start":{"line":179,"column":34},"end":{"line":179,"column":60}},"line":179}},"branchMap":{"0":{"loc":{"start":{"line":13,"column":15},"end":{"line":13,"column":96}},"type":"cond-expr","locations":[{"start":{"line":13,"column":23},"end":{"line":13,"column":49}},{"start":{"line":13,"column":53},"end":{"line":13,"column":95}}],"line":13},"1":{"loc":{"start":{"line":14,"column":14},"end":{"line":14,"column":120}},"type":"cond-expr","locations":[{"start":{"line":14,"column":37},"end":{"line":14,"column":70}},{"start":{"line":14,"column":75},"end":{"line":14,"column":119}}],"line":14},"2":{"loc":{"start":{"line":14,"column":15},"end":{"line":14,"column":32}},"type":"binary-expr","locations":[{"start":{"line":14,"column":15},"end":{"line":14,"column":22}},{"start":{"line":14,"column":26},"end":{"line":14,"column":32}}],"line":14},"3":{"loc":{"start":{"line":14,"column":37},"end":{"line":14,"column":70}},"type":"binary-expr","locations":[{"start":{"line":14,"column":37},"end":{"line":14,"column":64}},{"start":{"line":14,"column":68},"end":{"line":14,"column":70}}],"line":14},"4":{"loc":{"start":{"line":15,"column":46},"end":{"line":15,"column":93}},"type":"cond-expr","locations":[{"start":{"line":15,"column":68},"end":{"line":15,"column":70}},{"start":{"line":15,"column":73},"end":{"line":15,"column":93}}],"line":15},"5":{"loc":{"start":{"line":30,"column":4},"end":{"line":34,"column":5}},"type":"if","locations":[{"start":{"line":30,"column":4},"end":{"line":34,"column":5}},{"start":{"line":30,"column":4},"end":{"line":34,"column":5}}],"line":30},"6":{"loc":{"start":{"line":39,"column":11},"end":{"line":39,"column":33}},"type":"cond-expr","locations":[{"start":{"line":39,"column":21},"end":{"line":39,"column":28}},{"start":{"line":39,"column":32},"end":{"line":39,"column":33}}],"line":39},"7":{"loc":{"start":{"line":59,"column":15},"end":{"line":59,"column":50}},"type":"cond-expr","locations":[{"start":{"line":59,"column":24},"end":{"line":59,"column":25}},{"start":{"line":59,"column":28},"end":{"line":59,"column":50}}],"line":59},"8":{"loc":{"start":{"line":72,"column":4},"end":{"line":76,"column":5}},"type":"if","locations":[{"start":{"line":72,"column":4},"end":{"line":76,"column":5}},{"start":{"line":72,"column":4},"end":{"line":76,"column":5}}],"line":72},"9":{"loc":{"start":{"line":81,"column":15},"end":{"line":81,"column":96}},"type":"cond-expr","locations":[{"start":{"line":81,"column":23},"end":{"line":81,"column":49}},{"start":{"line":81,"column":53},"end":{"line":81,"column":95}}],"line":81},"10":{"loc":{"start":{"line":82,"column":14},"end":{"line":82,"column":112}},"type":"cond-expr","locations":[{"start":{"line":82,"column":36},"end":{"line":82,"column":63}},{"start":{"line":82,"column":67},"end":{"line":82,"column":111}}],"line":82},"11":{"loc":{"start":{"line":82,"column":15},"end":{"line":82,"column":32}},"type":"binary-expr","locations":[{"start":{"line":82,"column":15},"end":{"line":82,"column":22}},{"start":{"line":82,"column":26},"end":{"line":82,"column":32}}],"line":82},"12":{"loc":{"start":{"line":86,"column":11},"end":{"line":86,"column":67}},"type":"cond-expr","locations":[{"start":{"line":86,"column":33},"end":{"line":86,"column":35}},{"start":{"line":86,"column":38},"end":{"line":86,"column":67}}],"line":86},"13":{"loc":{"start":{"line":137,"column":4},"end":{"line":137,"column":36}},"type":"default-arg","locations":[{"start":{"line":137,"column":16},"end":{"line":137,"column":36}}],"line":137},"14":{"loc":{"start":{"line":138,"column":4},"end":{"line":138,"column":26}},"type":"default-arg","locations":[{"start":{"line":138,"column":13},"end":{"line":138,"column":26}}],"line":138},"15":{"loc":{"start":{"line":139,"column":4},"end":{"line":139,"column":23}},"type":"default-arg","locations":[{"start":{"line":139,"column":20},"end":{"line":139,"column":23}}],"line":139},"16":{"loc":{"start":{"line":142,"column":4},"end":{"line":149,"column":5}},"type":"if","locations":[{"start":{"line":142,"column":4},"end":{"line":149,"column":5}},{"start":{"line":142,"column":4},"end":{"line":149,"column":5}}],"line":142},"17":{"loc":{"start":{"line":146,"column":12},"end":{"line":146,"column":55}},"type":"if","locations":[{"start":{"line":146,"column":12},"end":{"line":146,"column":55}},{"start":{"line":146,"column":12},"end":{"line":146,"column":55}}],"line":146},"18":{"loc":{"start":{"line":152,"column":21},"end":{"line":152,"column":72}},"type":"cond-expr","locations":[{"start":{"line":152,"column":44},"end":{"line":152,"column":60}},{"start":{"line":152,"column":63},"end":{"line":152,"column":72}}],"line":152},"19":{"loc":{"start":{"line":167,"column":4},"end":{"line":169,"column":5}},"type":"if","locations":[{"start":{"line":167,"column":4},"end":{"line":169,"column":5}},{"start":{"line":167,"column":4},"end":{"line":169,"column":5}}],"line":167},"20":{"loc":{"start":{"line":172,"column":4},"end":{"line":175,"column":5}},"type":"if","locations":[{"start":{"line":172,"column":4},"end":{"line":175,"column":5}},{"start":{"line":172,"column":4},"end":{"line":175,"column":5}}],"line":172},"21":{"loc":{"start":{"line":179,"column":34},"end":{"line":179,"column":60}},"type":"cond-expr","locations":[{"start":{"line":179,"column":49},"end":{"line":179,"column":56}},{"start":{"line":179,"column":59},"end":{"line":179,"column":60}}],"line":179}},"s":{"0":1,"1":0,"2":0,"3":0,"4":0,"5":0,"6":0,"7":0,"8":1,"9":1,"10":1,"11":0,"12":1,"13":1,"14":55,"15":1,"16":5,"17":5,"18":5,"19":5,"20":5,"21":5,"22":20,"23":5,"24":1,"25":0,"26":0,"27":0,"28":0,"29":0,"30":0,"31":0,"32":0,"33":0,"34":0,"35":2,"36":2,"37":1,"38":0,"39":0,"40":0,"41":0,"42":0,"43":2,"44":1,"45":13,"46":2,"47":2,"48":2,"49":0,"50":2,"51":0,"52":11,"53":11,"54":11,"55":1,"56":10,"57":1,"58":1,"59":9,"60":9,"61":9,"62":55,"63":0},"f":{"0":0,"1":1,"2":55,"3":5,"4":20,"5":0,"6":2,"7":0,"8":2,"9":13,"10":55},"b":{"0":[0,0],"1":[0,0],"2":[0,0],"3":[0,0],"4":[0,0],"5":[1,0],"6":[49,6],"7":[12,8],"8":[0,0],"9":[0,0],"10":[0,0],"11":[0,0],"12":[0,0],"13":[0],"14":[1],"15":[9],"16":[2,11],"17":[0,2],"18":[7,4],"19":[1,10],"20":[1,9],"21":[31,24]},"_coverageSchema":"332fd63041d2c1bcb487cc26dd0d5f7d97098a6c","hash":"781d2065a7214a855bf4ce8cde4a72a9827053c9"}
,"/Users/banli/Desktop/bl-util/src/form/valid.js": {"path":"/Users/banli/Desktop/bl-util/src/form/valid.js","statementMap":{"0":{"start":{"line":5,"column":24},"end":{"line":12,"column":1}},"1":{"start":{"line":7,"column":14},"end":{"line":7,"column":56}},"2":{"start":{"line":8,"column":4},"end":{"line":10,"column":5}},"3":{"start":{"line":9,"column":8},"end":{"line":9,"column":20}},"4":{"start":{"line":11,"column":4},"end":{"line":11,"column":15}}},"fnMap":{"0":{"name":"(anonymous_0)","decl":{"start":{"line":5,"column":24},"end":{"line":5,"column":25}},"loc":{"start":{"line":5,"column":36},"end":{"line":12,"column":1}},"line":5}},"branchMap":{"0":{"loc":{"start":{"line":8,"column":4},"end":{"line":10,"column":5}},"type":"if","locations":[{"start":{"line":8,"column":4},"end":{"line":10,"column":5}},{"start":{"line":8,"column":4},"end":{"line":10,"column":5}}],"line":8}},"s":{"0":1,"1":6,"2":6,"3":4,"4":2},"f":{"0":6},"b":{"0":[4,2]},"_coverageSchema":"332fd63041d2c1bcb487cc26dd0d5f7d97098a6c","hash":"9d2e9b0f7642ff04af6b787994ff3a9dbc563e25"}
,"/Users/banli/Desktop/bl-util/src/str/index.js": {"path":"/Users/banli/Desktop/bl-util/src/str/index.js","statementMap":{"0":{"start":{"line":6,"column":26},"end":{"line":19,"column":1}},"1":{"start":{"line":7,"column":4},"end":{"line":10,"column":5}},"2":{"start":{"line":8,"column":8},"end":{"line":8,"column":54}},"3":{"start":{"line":9,"column":8},"end":{"line":9,"column":14}},"4":{"start":{"line":12,"column":4},"end":{"line":16,"column":5}},"5":{"start":{"line":13,"column":8},"end":{"line":15,"column":10}},"6":{"start":{"line":14,"column":12},"end":{"line":14,"column":43}},"7":{"start":{"line":18,"column":4},"end":{"line":18,"column":54}}},"fnMap":{"0":{"name":"(anonymous_0)","decl":{"start":{"line":6,"column":26},"end":{"line":6,"column":27}},"loc":{"start":{"line":6,"column":54},"end":{"line":19,"column":1}},"line":6},"1":{"name":"(anonymous_1)","decl":{"start":{"line":13,"column":40},"end":{"line":13,"column":41}},"loc":{"start":{"line":13,"column":53},"end":{"line":15,"column":9}},"line":13}},"branchMap":{"0":{"loc":{"start":{"line":6,"column":27},"end":{"line":6,"column":35}},"type":"default-arg","locations":[{"start":{"line":6,"column":33},"end":{"line":6,"column":35}}],"line":6},"1":{"loc":{"start":{"line":6,"column":37},"end":{"line":6,"column":49}},"type":"default-arg","locations":[{"start":{"line":6,"column":44},"end":{"line":6,"column":49}}],"line":6},"2":{"loc":{"start":{"line":7,"column":4},"end":{"line":10,"column":5}},"type":"if","locations":[{"start":{"line":7,"column":4},"end":{"line":10,"column":5}},{"start":{"line":7,"column":4},"end":{"line":10,"column":5}}],"line":7},"3":{"loc":{"start":{"line":12,"column":4},"end":{"line":16,"column":5}},"type":"if","locations":[{"start":{"line":12,"column":4},"end":{"line":16,"column":5}},{"start":{"line":12,"column":4},"end":{"line":16,"column":5}}],"line":12}},"s":{"0":1,"1":3,"2":0,"3":0,"4":3,"5":1,"6":1,"7":2},"f":{"0":3,"1":1},"b":{"0":[0],"1":[2],"2":[0,3],"3":[1,2]},"_coverageSchema":"332fd63041d2c1bcb487cc26dd0d5f7d97098a6c","hash":"82887d98603388a76e55c810d416161c8d88ab32"}
,"/Users/banli/Desktop/bl-util/src/util/debounce.js": {"path":"/Users/banli/Desktop/bl-util/src/util/debounce.js","statementMap":{"0":{"start":{"line":1,"column":24},"end":{"line":10,"column":1}},"1":{"start":{"line":2,"column":16},"end":{"line":2,"column":20}},"2":{"start":{"line":4,"column":4},"end":{"line":9,"column":5}},"3":{"start":{"line":5,"column":8},"end":{"line":5,"column":36}},"4":{"start":{"line":6,"column":8},"end":{"line":8,"column":16}},"5":{"start":{"line":7,"column":12},"end":{"line":7,"column":41}}},"fnMap":{"0":{"name":"(anonymous_0)","decl":{"start":{"line":1,"column":24},"end":{"line":1,"column":25}},"loc":{"start":{"line":1,"column":50},"end":{"line":10,"column":1}},"line":1},"1":{"name":"(anonymous_1)","decl":{"start":{"line":4,"column":11},"end":{"line":4,"column":12}},"loc":{"start":{"line":4,"column":24},"end":{"line":9,"column":5}},"line":4},"2":{"name":"(anonymous_2)","decl":{"start":{"line":6,"column":27},"end":{"line":6,"column":28}},"loc":{"start":{"line":6,"column":33},"end":{"line":8,"column":9}},"line":6}},"branchMap":{"0":{"loc":{"start":{"line":1,"column":35},"end":{"line":1,"column":45}},"type":"default-arg","locations":[{"start":{"line":1,"column":42},"end":{"line":1,"column":45}}],"line":1},"1":{"loc":{"start":{"line":5,"column":8},"end":{"line":5,"column":36}},"type":"binary-expr","locations":[{"start":{"line":5,"column":8},"end":{"line":5,"column":13}},{"start":{"line":5,"column":17},"end":{"line":5,"column":36}}],"line":5},"2":{"loc":{"start":{"line":7,"column":12},"end":{"line":7,"column":41}},"type":"binary-expr","locations":[{"start":{"line":7,"column":12},"end":{"line":7,"column":20}},{"start":{"line":7,"column":24},"end":{"line":7,"column":41}}],"line":7}},"s":{"0":1,"1":1,"2":1,"3":2,"4":2,"5":1},"f":{"0":1,"1":2,"2":1},"b":{"0":[0],"1":[2,1],"2":[1,1]},"_coverageSchema":"332fd63041d2c1bcb487cc26dd0d5f7d97098a6c","hash":"8f40a808646fdfb39451ff6e96383addd411fbcc"}
,"/Users/banli/Desktop/bl-util/src/util/type.js": {"path":"/Users/banli/Desktop/bl-util/src/util/type.js","statementMap":{"0":{"start":{"line":1,"column":13},"end":{"line":3,"column":1}},"1":{"start":{"line":2,"column":4},"end":{"line":2,"column":78}},"2":{"start":{"line":5,"column":24},"end":{"line":7,"column":1}},"3":{"start":{"line":6,"column":4},"end":{"line":6,"column":31}},"4":{"start":{"line":9,"column":23},"end":{"line":11,"column":1}},"5":{"start":{"line":10,"column":4},"end":{"line":10,"column":30}},"6":{"start":{"line":18,"column":24},"end":{"line":20,"column":1}},"7":{"start":{"line":19,"column":4},"end":{"line":19,"column":52}},"8":{"start":{"line":22,"column":29},"end":{"line":24,"column":1}},"9":{"start":{"line":23,"column":4},"end":{"line":23,"column":57}},"10":{"start":{"line":26,"column":28},"end":{"line":28,"column":1}},"11":{"start":{"line":27,"column":4},"end":{"line":27,"column":43}}},"fnMap":{"0":{"name":"(anonymous_0)","decl":{"start":{"line":1,"column":13},"end":{"line":1,"column":14}},"loc":{"start":{"line":1,"column":20},"end":{"line":3,"column":1}},"line":1},"1":{"name":"(anonymous_1)","decl":{"start":{"line":5,"column":24},"end":{"line":5,"column":25}},"loc":{"start":{"line":5,"column":31},"end":{"line":7,"column":1}},"line":5},"2":{"name":"(anonymous_2)","decl":{"start":{"line":9,"column":23},"end":{"line":9,"column":24}},"loc":{"start":{"line":9,"column":30},"end":{"line":11,"column":1}},"line":9},"3":{"name":"(anonymous_3)","decl":{"start":{"line":18,"column":24},"end":{"line":18,"column":25}},"loc":{"start":{"line":18,"column":31},"end":{"line":20,"column":1}},"line":18},"4":{"name":"(anonymous_4)","decl":{"start":{"line":22,"column":29},"end":{"line":22,"column":30}},"loc":{"start":{"line":22,"column":36},"end":{"line":24,"column":1}},"line":22},"5":{"name":"(anonymous_5)","decl":{"start":{"line":26,"column":28},"end":{"line":26,"column":29}},"loc":{"start":{"line":26,"column":35},"end":{"line":28,"column":1}},"line":26}},"branchMap":{"0":{"loc":{"start":{"line":19,"column":11},"end":{"line":19,"column":52}},"type":"binary-expr","locations":[{"start":{"line":19,"column":11},"end":{"line":19,"column":39}},{"start":{"line":19,"column":43},"end":{"line":19,"column":52}}],"line":19},"1":{"loc":{"start":{"line":23,"column":11},"end":{"line":23,"column":57}},"type":"binary-expr","locations":[{"start":{"line":23,"column":11},"end":{"line":23,"column":31}},{"start":{"line":23,"column":35},"end":{"line":23,"column":57}}],"line":23},"2":{"loc":{"start":{"line":27,"column":11},"end":{"line":27,"column":43}},"type":"binary-expr","locations":[{"start":{"line":27,"column":11},"end":{"line":27,"column":30}},{"start":{"line":27,"column":34},"end":{"line":27,"column":43}}],"line":27}},"s":{"0":2,"1":1,"2":2,"3":1,"4":2,"5":0,"6":2,"7":0,"8":2,"9":0,"10":2,"11":0},"f":{"0":1,"1":1,"2":0,"3":0,"4":0,"5":0},"b":{"0":[0,0],"1":[0,0],"2":[0,0]},"_coverageSchema":"332fd63041d2c1bcb487cc26dd0d5f7d97098a6c","hash":"8bd04648622ed08397a6cb627d439c6634cee974"}
}
