TN:
SF:/Users/banli/Desktop/bl-util/src/date/index.js
FN:8,(anonymous_0)
FN:26,(anonymous_1)
FN:38,(anonymous_2)
FN:50,(anonymous_3)
FN:57,(anonymous_4)
FN:70,(anonymous_5)
FN:93,dateToDay
FN:103,(anonymous_7)
FN:119,getRelativeDate
FN:136,(anonymous_9)
FN:179,(anonymous_10)
FNF:11
FNH:8
FNDA:0,(anonymous_0)
FNDA:1,(anonymous_1)
FNDA:55,(anonymous_2)
FNDA:5,(anonymous_3)
FNDA:20,(anonymous_4)
FNDA:0,(anonymous_5)
FNDA:2,dateToDay
FNDA:0,(anonymous_7)
FNDA:2,getRelativeDate
FNDA:13,(anonymous_9)
FNDA:55,(anonymous_10)
DA:8,1
DA:9,0
DA:10,0
DA:11,0
DA:12,0
DA:13,0
DA:14,0
DA:15,0
DA:26,1
DA:30,1
DA:31,1
DA:33,0
DA:35,1
DA:38,1
DA:39,55
DA:50,1
DA:51,5
DA:52,5
DA:53,5
DA:54,5
DA:56,5
DA:57,5
DA:59,20
DA:62,5
DA:70,1
DA:71,0
DA:72,0
DA:73,0
DA:75,0
DA:78,0
DA:79,0
DA:80,0
DA:81,0
DA:82,0
DA:83,0
DA:94,2
DA:95,2
DA:103,1
DA:104,0
DA:106,0
DA:108,0
DA:110,0
DA:112,0
DA:120,2
DA:136,1
DA:142,13
DA:144,2
DA:145,2
DA:146,2
DA:147,2
DA:148,0
DA:152,11
DA:154,11
DA:167,11
DA:168,1
DA:172,10
DA:173,1
DA:174,1
DA:177,9
DA:178,9
DA:179,55
DA:181,0
LF:62
LH:37
BRDA:13,0,0,0
BRDA:13,0,1,0
BRDA:14,1,0,0
BRDA:14,1,1,0
BRDA:14,2,0,0
BRDA:14,2,1,0
BRDA:14,3,0,0
BRDA:14,3,1,0
BRDA:15,4,0,0
BRDA:15,4,1,0
BRDA:30,5,0,1
BRDA:30,5,1,0
BRDA:39,6,0,49
BRDA:39,6,1,6
BRDA:59,7,0,12
BRDA:59,7,1,8
BRDA:72,8,0,0
BRDA:72,8,1,0
BRDA:81,9,0,0
BRDA:81,9,1,0
BRDA:82,10,0,0
BRDA:82,10,1,0
BRDA:82,11,0,0
BRDA:82,11,1,0
BRDA:86,12,0,0
BRDA:86,12,1,0
BRDA:137,13,0,0
BRDA:138,14,0,1
BRDA:139,15,0,9
BRDA:142,16,0,2
BRDA:142,16,1,11
BRDA:146,17,0,0
BRDA:146,17,1,2
BRDA:152,18,0,7
BRDA:152,18,1,4
BRDA:167,19,0,1
BRDA:167,19,1,10
BRDA:172,20,0,1
BRDA:172,20,1,9
BRDA:179,21,0,31
BRDA:179,21,1,24
BRF:41
BRH:18
end_of_record
TN:
SF:/Users/banli/Desktop/bl-util/src/form/valid.js
FN:5,(anonymous_0)
FNF:1
FNH:1
FNDA:6,(anonymous_0)
DA:5,1
DA:7,6
DA:8,6
DA:9,4
DA:11,2
LF:5
LH:5
BRDA:8,0,0,4
BRDA:8,0,1,2
BRF:2
BRH:2
end_of_record
TN:
SF:/Users/banli/Desktop/bl-util/src/str/index.js
FN:6,(anonymous_0)
FN:13,(anonymous_1)
FNF:2
FNH:2
FNDA:3,(anonymous_0)
FNDA:1,(anonymous_1)
DA:6,1
DA:7,3
DA:8,0
DA:9,0
DA:12,3
DA:13,1
DA:14,1
DA:18,2
LF:8
LH:6
BRDA:6,0,0,0
BRDA:6,1,0,2
BRDA:7,2,0,0
BRDA:7,2,1,3
BRDA:12,3,0,1
BRDA:12,3,1,2
BRF:6
BRH:4
end_of_record
TN:
SF:/Users/banli/Desktop/bl-util/src/util/debounce.js
FN:1,(anonymous_0)
FN:4,(anonymous_1)
FN:6,(anonymous_2)
FNF:3
FNH:3
FNDA:1,(anonymous_0)
FNDA:2,(anonymous_1)
FNDA:1,(anonymous_2)
DA:1,1
DA:2,1
DA:4,1
DA:5,2
DA:6,2
DA:7,1
LF:6
LH:6
BRDA:1,0,0,0
BRDA:5,1,0,2
BRDA:5,1,1,1
BRDA:7,2,0,1
BRDA:7,2,1,1
BRF:5
BRH:4
end_of_record
TN:
SF:/Users/banli/Desktop/bl-util/src/util/type.js
FN:1,(anonymous_0)
FN:5,(anonymous_1)
FN:9,(anonymous_2)
FN:18,(anonymous_3)
FN:22,(anonymous_4)
FN:26,(anonymous_5)
FNF:6
FNH:2
FNDA:1,(anonymous_0)
FNDA:1,(anonymous_1)
FNDA:0,(anonymous_2)
FNDA:0,(anonymous_3)
FNDA:0,(anonymous_4)
FNDA:0,(anonymous_5)
DA:1,2
DA:2,1
DA:5,2
DA:6,1
DA:9,2
DA:10,0
DA:18,2
DA:19,0
DA:22,2
DA:23,0
DA:26,2
DA:27,0
LF:12
LH:8
BRDA:19,0,0,0
BRDA:19,0,1,0
BRDA:23,1,0,0
BRDA:23,1,1,0
BRDA:27,2,0,0
BRDA:27,2,1,0
BRF:6
BRH:0
end_of_record
